#-----------------------------------------------------------
# xsim v2025.2 (64-bit)
# SW Build 6299465 on Fri Nov 14 19:35:11 GMT 2025
# IP Build 6300035 on Fri Nov 14 10:48:45 MST 2025
# SharedData Build 6298862 on Thu Nov 13 04:50:51 MST 2025
# Start of session at: Tue Jul  7 19:49:10 2026
# Process ID         : 24356
# Current directory  : D:/design_plans/pnp_ip/build/axis_src_sink
# Command line       : xsim.exe -mode tcl -source {xsim.dir/tb_axis_src_sink_snap/xsim_script.tcl}
# Log file           : D:/design_plans/pnp_ip/build/axis_src_sink/xsim.log
# Journal file       : D:/design_plans/pnp_ip/build/axis_src_sink\xsim.jou
# Running On         : DESKTOP-TPQLB9E
# Platform           : Windows Server 2016 or Windows 10
# Operating System   : 26200
# Processor Detail   : AMD Ryzen 9 9900X 12-Core Processor            
# CPU Frequency      : 4392 MHz
# CPU Physical cores : 12
# CPU Logical cores  : 24
# Host memory        : 66125 MB
# Swap memory        : 13958 MB
# Total Virtual      : 80084 MB
# Available Virtual  : 64655 MB
#-----------------------------------------------------------
source xsim.dir/tb_axis_src_sink_snap/xsim_script.tcl
# xsim {tb_axis_src_sink_snap} -wdb {tb_axis_src_sink.wdb} -autoloadwcfg -tclbatch {D:/design_plans/pnp_ip/scripts/xsim_run.tcl}
Time resolution is 1 ps
source D:/design_plans/pnp_ip/scripts/xsim_run.tcl
## log_wave -recursive *
## run all
expected signature = be7e00b1 (128 beats)
  ok: run 1 signature = be7e00b1
  ok: run 1 beat_cnt = 128
  ok: run 1 pkt_cnt = 8
  ok: run 2 signature = be7e00b1
  ok: run 2 beat_cnt = 128
  ok: run 2 pkt_cnt = 8
TB PASS
$finish called at time : 7865 ns : File "D:/design_plans/pnp_ip/axis_src_sink/tb_axis_src_sink.sv" Line 141
## quit
INFO: [Common 17-206] Exiting xsim at Tue Jul  7 19:49:12 2026...
