#-----------------------------------------------------------
# Vivado v2025.2 (64-bit)
# SW Build 6299465 on Fri Nov 14 19:35:11 GMT 2025
# IP Build 6300035 on Fri Nov 14 10:48:45 MST 2025
# SharedData Build 6298862 on Thu Nov 13 04:50:51 MST 2025
# Start of session at: Tue Jul  7 23:22:25 2026
# Process ID         : 32552
# Current directory  : D:/design_plans/pnp_ip/build/synth_cdc_pack
# Command line       : vivado.exe -mode batch -source D:\design_plans\pnp_ip\scripts\synth.tcl -tclargs D:\design_plans\pnp_ip\cdc_pack cdc_example_top
# Log file           : D:/design_plans/pnp_ip/build/synth_cdc_pack/vivado.log
# Journal file       : D:/design_plans/pnp_ip/build/synth_cdc_pack\vivado.jou
# Running On         : DESKTOP-TPQLB9E
# Platform           : Windows Server 2016 or Windows 10
# Operating System   : 26200
# Processor Detail   : AMD Ryzen 9 9900X 12-Core Processor            
# CPU Frequency      : 4392 MHz
# CPU Physical cores : 12
# CPU Logical cores  : 24
# Host memory        : 66125 MB
# Swap memory        : 13958 MB
# Total Virtual      : 80084 MB
# Available Virtual  : 58512 MB
#-----------------------------------------------------------
source {D:\design_plans\pnp_ip\scripts\synth.tcl}
# set block_dir [lindex $argv 0]
# set top       [lindex $argv 1]
# set part      "xc7a35ticsg324-1L"
# if {[llength $argv] >= 3} { set part [lindex $argv 2] }
# if {[llength [get_parts -quiet $part]] == 0} {
#     set part [lindex [get_parts] 0]
#     puts "WARNING: requested part not installed, falling back to: $part"
# }
# set rtl {}
# foreach f [glob -nocomplain [file join $block_dir *.sv]] {
#     if {![string match "tb_*" [file tail $f]]} { lappend rtl $f }
# }
# if {[llength $rtl] == 0} { puts "ERROR: no RTL files in $block_dir"; exit 1 }
# puts "INFO: part=$part top=$top files=$rtl"
INFO: part=xc7a35ticsg324-1L top=cdc_example_top files=D:/design_plans/pnp_ip/cdc_pack/cdc_pack.sv
# read_verilog -sv $rtl
# synth_design -top $top -part $part -mode out_of_context
Command: synth_design -top cdc_example_top -part xc7a35ticsg324-1L -mode out_of_context
Starting synth_design
Attempting to get a license for feature 'Synthesis' and/or device 'xc7a35ti'
INFO: [Common 17-349] Got license for feature 'Synthesis' and/or device 'xc7a35ti'
INFO: [Synth 8-7079] Multithreading enabled for synth_design using a maximum of 2 processes.
INFO: [Synth 8-7078] Launching helper process for spawning children vivado processes
INFO: [Synth 8-7075] Helper process launched with PID 28836
---------------------------------------------------------------------------------
Starting Synthesize : Time (s): cpu = 00:00:03 ; elapsed = 00:00:04 . Memory (MB): peak = 1128.480 ; gain = 535.555
---------------------------------------------------------------------------------
INFO: [Synth 8-6157] synthesizing module 'cdc_example_top' [D:/design_plans/pnp_ip/cdc_pack/cdc_pack.sv:177]
INFO: [Synth 8-6157] synthesizing module 'cdc_bit_sync' [D:/design_plans/pnp_ip/cdc_pack/cdc_pack.sv:29]
	Parameter STAGES bound to: 32'sb00000000000000000000000000000010 
	Parameter WIDTH bound to: 32'sb00000000000000000000000000000001 
INFO: [Synth 8-6155] done synthesizing module 'cdc_bit_sync' (0#1) [D:/design_plans/pnp_ip/cdc_pack/cdc_pack.sv:29]
INFO: [Synth 8-6157] synthesizing module 'cdc_pulse_sync' [D:/design_plans/pnp_ip/cdc_pack/cdc_pack.sv:57]
INFO: [Synth 8-6155] done synthesizing module 'cdc_pulse_sync' (0#1) [D:/design_plans/pnp_ip/cdc_pack/cdc_pack.sv:57]
INFO: [Synth 8-6157] synthesizing module 'cdc_bus_handshake' [D:/design_plans/pnp_ip/cdc_pack/cdc_pack.sv:96]
	Parameter WIDTH bound to: 32'sb00000000000000000000000000100000 
INFO: [Synth 8-6155] done synthesizing module 'cdc_bus_handshake' (0#1) [D:/design_plans/pnp_ip/cdc_pack/cdc_pack.sv:96]
INFO: [Synth 8-6155] done synthesizing module 'cdc_example_top' (0#1) [D:/design_plans/pnp_ip/cdc_pack/cdc_pack.sv:177]
---------------------------------------------------------------------------------
Finished Synthesize : Time (s): cpu = 00:00:04 ; elapsed = 00:00:05 . Memory (MB): peak = 1247.594 ; gain = 654.668
---------------------------------------------------------------------------------
---------------------------------------------------------------------------------
Finished Constraint Validation : Time (s): cpu = 00:00:05 ; elapsed = 00:00:05 . Memory (MB): peak = 1247.594 ; gain = 654.668
---------------------------------------------------------------------------------
---------------------------------------------------------------------------------
Start Loading Part and Timing Information
---------------------------------------------------------------------------------
Loading part: xc7a35ticsg324-1L
---------------------------------------------------------------------------------
Finished Loading Part and Timing Information : Time (s): cpu = 00:00:05 ; elapsed = 00:00:05 . Memory (MB): peak = 1247.594 ; gain = 654.668
INFO: [Device 21-403] Loading part xc7a35ticsg324-1L
---------------------------------------------------------------------------------
---------------------------------------------------------------------------------
Finished RTL Optimization Phase 2 : Time (s): cpu = 00:00:05 ; elapsed = 00:00:05 . Memory (MB): peak = 1247.594 ; gain = 654.668
---------------------------------------------------------------------------------
No constraint files found.
---------------------------------------------------------------------------------
Start RTL Component Statistics 
---------------------------------------------------------------------------------
Detailed RTL Component Info : 
+---XORs : 
	   2 Input      1 Bit         XORs := 1     
+---Registers : 
	               32 Bit    Registers := 2     
	                1 Bit    Registers := 14    
---------------------------------------------------------------------------------
Finished RTL Component Statistics 
---------------------------------------------------------------------------------
---------------------------------------------------------------------------------
Start Part Resource Summary
---------------------------------------------------------------------------------
Part Resources:
DSPs: 90 (col length:60)
BRAMs: 100 (col length: RAMB18 60 RAMB36 30)
---------------------------------------------------------------------------------
Finished Part Resource Summary
---------------------------------------------------------------------------------
No constraint files found.
---------------------------------------------------------------------------------
Start Cross Boundary and Area Optimization
---------------------------------------------------------------------------------
---------------------------------------------------------------------------------
Finished Cross Boundary and Area Optimization : Time (s): cpu = 00:00:07 ; elapsed = 00:00:08 . Memory (MB): peak = 1425.910 ; gain = 832.984
---------------------------------------------------------------------------------
No constraint files found.
---------------------------------------------------------------------------------
Start Timing Optimization
---------------------------------------------------------------------------------
---------------------------------------------------------------------------------
Finished Timing Optimization : Time (s): cpu = 00:00:07 ; elapsed = 00:00:08 . Memory (MB): peak = 1441.676 ; gain = 848.750
---------------------------------------------------------------------------------
---------------------------------------------------------------------------------
Start Technology Mapping
---------------------------------------------------------------------------------
---------------------------------------------------------------------------------
Finished Technology Mapping : Time (s): cpu = 00:00:07 ; elapsed = 00:00:08 . Memory (MB): peak = 1441.676 ; gain = 848.750
---------------------------------------------------------------------------------
---------------------------------------------------------------------------------
Start IO Insertion
---------------------------------------------------------------------------------
---------------------------------------------------------------------------------
Start Flattening Before IO Insertion
---------------------------------------------------------------------------------
---------------------------------------------------------------------------------
Finished Flattening Before IO Insertion
---------------------------------------------------------------------------------
---------------------------------------------------------------------------------
Start Final Netlist Cleanup
---------------------------------------------------------------------------------
---------------------------------------------------------------------------------
Finished Final Netlist Cleanup
---------------------------------------------------------------------------------
---------------------------------------------------------------------------------
Finished IO Insertion : Time (s): cpu = 00:00:09 ; elapsed = 00:00:11 . Memory (MB): peak = 1676.156 ; gain = 1083.230
---------------------------------------------------------------------------------
---------------------------------------------------------------------------------
Start Renaming Generated Instances
---------------------------------------------------------------------------------
---------------------------------------------------------------------------------
Finished Renaming Generated Instances : Time (s): cpu = 00:00:09 ; elapsed = 00:00:11 . Memory (MB): peak = 1676.156 ; gain = 1083.230
---------------------------------------------------------------------------------
---------------------------------------------------------------------------------
Start Rebuilding User Hierarchy
---------------------------------------------------------------------------------
---------------------------------------------------------------------------------
Finished Rebuilding User Hierarchy : Time (s): cpu = 00:00:09 ; elapsed = 00:00:11 . Memory (MB): peak = 1676.156 ; gain = 1083.230
---------------------------------------------------------------------------------
---------------------------------------------------------------------------------
Start Renaming Generated Ports
---------------------------------------------------------------------------------
---------------------------------------------------------------------------------
Finished Renaming Generated Ports : Time (s): cpu = 00:00:09 ; elapsed = 00:00:11 . Memory (MB): peak = 1676.156 ; gain = 1083.230
---------------------------------------------------------------------------------
---------------------------------------------------------------------------------
Start Handling Custom Attributes
---------------------------------------------------------------------------------
---------------------------------------------------------------------------------
Finished Handling Custom Attributes : Time (s): cpu = 00:00:09 ; elapsed = 00:00:11 . Memory (MB): peak = 1676.156 ; gain = 1083.230
---------------------------------------------------------------------------------
---------------------------------------------------------------------------------
Start Renaming Generated Nets
---------------------------------------------------------------------------------
---------------------------------------------------------------------------------
Finished Renaming Generated Nets : Time (s): cpu = 00:00:09 ; elapsed = 00:00:11 . Memory (MB): peak = 1676.156 ; gain = 1083.230
---------------------------------------------------------------------------------
---------------------------------------------------------------------------------
Start Writing Synthesis Report
---------------------------------------------------------------------------------

Report BlackBoxes: 
+-+--------------+----------+
| |BlackBox name |Instances |
+-+--------------+----------+
+-+--------------+----------+

Report Cell Usage: 
+------+-----+------+
|      |Cell |Count |
+------+-----+------+
|1     |LUT1 |     3|
|2     |LUT2 |     4|
|3     |LUT3 |     1|
|4     |FDCE |    76|
|5     |FDRE |     2|
+------+-----+------+

Report Instance Areas: 
+------+---------------+------------------+------+
|      |Instance       |Module            |Cells |
+------+---------------+------------------+------+
|1     |top            |                  |    86|
|2     |  u_bit_sync   |cdc_bit_sync      |     2|
|3     |  u_bus        |cdc_bus_handshake |    78|
|4     |  u_pulse_sync |cdc_pulse_sync    |     6|
+------+---------------+------------------+------+
---------------------------------------------------------------------------------
Finished Writing Synthesis Report : Time (s): cpu = 00:00:09 ; elapsed = 00:00:11 . Memory (MB): peak = 1676.156 ; gain = 1083.230
---------------------------------------------------------------------------------
Synthesis finished with 0 errors, 0 critical warnings and 0 warnings.
Synthesis Optimization Runtime : Time (s): cpu = 00:00:09 ; elapsed = 00:00:11 . Memory (MB): peak = 1676.156 ; gain = 1083.230
Synthesis Optimization Complete : Time (s): cpu = 00:00:09 ; elapsed = 00:00:11 . Memory (MB): peak = 1676.156 ; gain = 1083.230
INFO: [Project 1-571] Translating synthesized netlist
Netlist sorting complete. Time (s): cpu = 00:00:00 ; elapsed = 00:00:00 . Memory (MB): peak = 1691.195 ; gain = 0.000
INFO: [Project 1-570] Preparing netlist for logic optimization
INFO: [Opt 31-138] Pushed 0 inverter(s) to 0 load pin(s).
Netlist sorting complete. Time (s): cpu = 00:00:00 ; elapsed = 00:00:00 . Memory (MB): peak = 1794.492 ; gain = 0.000
INFO: [Project 1-111] Unisim Transformation Summary:
No Unisim elements were transformed.

Synth Design complete | Checksum: f67e9e4c
INFO: [Common 17-83] Releasing license: Synthesis
18 Infos, 0 Warnings, 0 Critical Warnings and 0 Errors encountered.
synth_design completed successfully
synth_design: Time (s): cpu = 00:00:11 ; elapsed = 00:00:13 . Memory (MB): peak = 1794.492 ; gain = 1206.543
# report_utilization    -file ${top}_utilization.rpt
# report_timing_summary -file ${top}_timing.rpt
INFO: [Timing 38-35] Done setting XDC timing constraints.
INFO: [Timing 38-91] UpdateTimingParams: Speed grade: -1L, Delay Type: min_max.
INFO: [Timing 38-191] Multithreading enabled for timing update using a maximum of 2 CPUs
WARNING: [Timing 38-493] Port clk_a has one or several leaf clock pins in its transitive fanout without any clock buffer on the path and no clock reaching the clock pin(s). Vivado cannot infer the clock source when no clock buffer is found on the path to a leaf clock pin.
WARNING: [Timing 38-493] Port clk_b has one or several leaf clock pins in its transitive fanout without any clock buffer on the path and no clock reaching the clock pin(s). Vivado cannot infer the clock source when no clock buffer is found on the path to a leaf clock pin.
WARNING: [Timing 38-242] The property HD.CLK_SRC of clock port "clk_a" is not set. In out-of-context mode, this prevents timing estimation for clock delay/skew
Resolution: Set the HD.CLK_SRC property of the out-of-context port to the location of the clock buffer instance in the top-level design
WARNING: [Timing 38-242] The property HD.CLK_SRC of clock port "clk_b" is not set. In out-of-context mode, this prevents timing estimation for clock delay/skew
Resolution: Set the HD.CLK_SRC property of the out-of-context port to the location of the clock buffer instance in the top-level design
# puts "SYNTH_OK $top"
SYNTH_OK cdc_example_top
# exit 0
INFO: [Common 17-206] Exiting Vivado at Tue Jul  7 23:22:47 2026...
