#-----------------------------------------------------------
# Vivado v2025.2 (64-bit)
# SW Build 6299465 on Fri Nov 14 19:35:11 GMT 2025
# IP Build 6300035 on Fri Nov 14 10:48:45 MST 2025
# SharedData Build 6298862 on Thu Nov 13 04:50:51 MST 2025
# Start of session at: Tue Jul  7 23:17:26 2026
# Process ID         : 30844
# Current directory  : D:/design_plans/pnp_ip/build/synth_axi_full_slave
# Command line       : vivado.exe -mode batch -source D:\design_plans\pnp_ip\scripts\synth.tcl -tclargs D:\design_plans\pnp_ip\axi_full_slave axi_full_slave
# Log file           : D:/design_plans/pnp_ip/build/synth_axi_full_slave/vivado.log
# Journal file       : D:/design_plans/pnp_ip/build/synth_axi_full_slave\vivado.jou
# Running On         : DESKTOP-TPQLB9E
# Platform           : Windows Server 2016 or Windows 10
# Operating System   : 26200
# Processor Detail   : AMD Ryzen 9 9900X 12-Core Processor            
# CPU Frequency      : 4392 MHz
# CPU Physical cores : 12
# CPU Logical cores  : 24
# Host memory        : 66125 MB
# Swap memory        : 13958 MB
# Total Virtual      : 80084 MB
# Available Virtual  : 58612 MB
#-----------------------------------------------------------
source {D:\design_plans\pnp_ip\scripts\synth.tcl}
# set block_dir [lindex $argv 0]
# set top       [lindex $argv 1]
# set part      "xc7a35ticsg324-1L"
# if {[llength $argv] >= 3} { set part [lindex $argv 2] }
# if {[llength [get_parts -quiet $part]] == 0} {
#     set part [lindex [get_parts] 0]
#     puts "WARNING: requested part not installed, falling back to: $part"
# }
# set rtl {}
# foreach f [glob -nocomplain [file join $block_dir *.sv]] {
#     if {![string match "tb_*" [file tail $f]]} { lappend rtl $f }
# }
# if {[llength $rtl] == 0} { puts "ERROR: no RTL files in $block_dir"; exit 1 }
# puts "INFO: part=$part top=$top files=$rtl"
INFO: part=xc7a35ticsg324-1L top=axi_full_slave files=D:/design_plans/pnp_ip/axi_full_slave/axi_full_slave.sv
# read_verilog -sv $rtl
# synth_design -top $top -part $part -mode out_of_context
Command: synth_design -top axi_full_slave -part xc7a35ticsg324-1L -mode out_of_context
Starting synth_design
Attempting to get a license for feature 'Synthesis' and/or device 'xc7a35ti'
INFO: [Common 17-349] Got license for feature 'Synthesis' and/or device 'xc7a35ti'
INFO: [Synth 8-7079] Multithreading enabled for synth_design using a maximum of 2 processes.
INFO: [Synth 8-7078] Launching helper process for spawning children vivado processes
INFO: [Synth 8-7075] Helper process launched with PID 31532
---------------------------------------------------------------------------------
Starting Synthesize : Time (s): cpu = 00:00:04 ; elapsed = 00:00:03 . Memory (MB): peak = 1131.301 ; gain = 538.539
---------------------------------------------------------------------------------
INFO: [Synth 8-6157] synthesizing module 'axi_full_slave' [D:/design_plans/pnp_ip/axi_full_slave/axi_full_slave.sv:22]
INFO: [Synth 8-6155] done synthesizing module 'axi_full_slave' (0#1) [D:/design_plans/pnp_ip/axi_full_slave/axi_full_slave.sv:22]
WARNING: [Synth 8-3917] design axi_full_slave has port s_axi_bresp[1] driven by constant 0
WARNING: [Synth 8-3917] design axi_full_slave has port s_axi_bresp[0] driven by constant 0
WARNING: [Synth 8-3917] design axi_full_slave has port s_axi_rresp[1] driven by constant 0
WARNING: [Synth 8-3917] design axi_full_slave has port s_axi_rresp[0] driven by constant 0
WARNING: [Synth 8-7129] Port s_axi_awlock in module axi_full_slave is either unconnected or has no load
WARNING: [Synth 8-7129] Port s_axi_awcache[3] in module axi_full_slave is either unconnected or has no load
WARNING: [Synth 8-7129] Port s_axi_awcache[2] in module axi_full_slave is either unconnected or has no load
WARNING: [Synth 8-7129] Port s_axi_awcache[1] in module axi_full_slave is either unconnected or has no load
WARNING: [Synth 8-7129] Port s_axi_awcache[0] in module axi_full_slave is either unconnected or has no load
WARNING: [Synth 8-7129] Port s_axi_awprot[2] in module axi_full_slave is either unconnected or has no load
WARNING: [Synth 8-7129] Port s_axi_awprot[1] in module axi_full_slave is either unconnected or has no load
WARNING: [Synth 8-7129] Port s_axi_awprot[0] in module axi_full_slave is either unconnected or has no load
WARNING: [Synth 8-7129] Port s_axi_arlock in module axi_full_slave is either unconnected or has no load
WARNING: [Synth 8-7129] Port s_axi_arcache[3] in module axi_full_slave is either unconnected or has no load
WARNING: [Synth 8-7129] Port s_axi_arcache[2] in module axi_full_slave is either unconnected or has no load
WARNING: [Synth 8-7129] Port s_axi_arcache[1] in module axi_full_slave is either unconnected or has no load
WARNING: [Synth 8-7129] Port s_axi_arcache[0] in module axi_full_slave is either unconnected or has no load
WARNING: [Synth 8-7129] Port s_axi_arprot[2] in module axi_full_slave is either unconnected or has no load
WARNING: [Synth 8-7129] Port s_axi_arprot[1] in module axi_full_slave is either unconnected or has no load
WARNING: [Synth 8-7129] Port s_axi_arprot[0] in module axi_full_slave is either unconnected or has no load
---------------------------------------------------------------------------------
Finished Synthesize : Time (s): cpu = 00:00:05 ; elapsed = 00:00:05 . Memory (MB): peak = 1250.547 ; gain = 657.785
---------------------------------------------------------------------------------
---------------------------------------------------------------------------------
Finished Constraint Validation : Time (s): cpu = 00:00:05 ; elapsed = 00:00:05 . Memory (MB): peak = 1250.547 ; gain = 657.785
---------------------------------------------------------------------------------
---------------------------------------------------------------------------------
Start Loading Part and Timing Information
---------------------------------------------------------------------------------
Loading part: xc7a35ticsg324-1L
INFO: [Device 21-403] Loading part xc7a35ticsg324-1L
---------------------------------------------------------------------------------
Finished Loading Part and Timing Information : Time (s): cpu = 00:00:05 ; elapsed = 00:00:05 . Memory (MB): peak = 1250.547 ; gain = 657.785
---------------------------------------------------------------------------------
INFO: [Synth 8-802] inferred FSM for state register 'wstate_reg' in module 'axi_full_slave'
INFO: [Synth 8-802] inferred FSM for state register 'rstate_reg' in module 'axi_full_slave'
---------------------------------------------------------------------------------------------------
                   State |                     New Encoding |                Previous Encoding 
---------------------------------------------------------------------------------------------------
                  W_IDLE |                              001 |                               00
                  W_DATA |                              100 |                               01
                  W_RESP |                              010 |                               10
---------------------------------------------------------------------------------------------------
INFO: [Synth 8-3354] encoded FSM with state register 'wstate_reg' using encoding 'one-hot' in module 'axi_full_slave'
---------------------------------------------------------------------------------------------------
                   State |                     New Encoding |                Previous Encoding 
---------------------------------------------------------------------------------------------------
                  R_IDLE |                              001 |                               00
                   R_MEM |                              010 |                               01
                  R_DATA |                              100 |                               10
---------------------------------------------------------------------------------------------------
INFO: [Synth 8-3354] encoded FSM with state register 'rstate_reg' using encoding 'one-hot' in module 'axi_full_slave'
---------------------------------------------------------------------------------
Finished RTL Optimization Phase 2 : Time (s): cpu = 00:00:05 ; elapsed = 00:00:05 . Memory (MB): peak = 1250.547 ; gain = 657.785
---------------------------------------------------------------------------------
No constraint files found.
---------------------------------------------------------------------------------
Start RTL Component Statistics 
---------------------------------------------------------------------------------
Detailed RTL Component Info : 
+---Adders : 
	   2 Input   32 Bit       Adders := 6     
	   2 Input   10 Bit       Adders := 2     
	   2 Input    8 Bit       Adders := 1     
+---Registers : 
	               32 Bit    Registers := 1     
	               12 Bit    Registers := 2     
	                8 Bit    Registers := 3     
	                4 Bit    Registers := 2     
	                3 Bit    Registers := 2     
	                2 Bit    Registers := 2     
+---RAMs : 
	              32K Bit	(1024 X 32 bit)          RAMs := 1     
+---Muxes : 
	   2 Input   32 Bit        Muxes := 6     
	   3 Input   12 Bit        Muxes := 4     
	   2 Input   12 Bit        Muxes := 2     
	   3 Input    8 Bit        Muxes := 1     
	   2 Input    8 Bit        Muxes := 1     
	   3 Input    3 Bit        Muxes := 1     
	   2 Input    3 Bit        Muxes := 1     
	   3 Input    1 Bit        Muxes := 9     
---------------------------------------------------------------------------------
Finished RTL Component Statistics 
---------------------------------------------------------------------------------
---------------------------------------------------------------------------------
Start Part Resource Summary
---------------------------------------------------------------------------------
Part Resources:
DSPs: 90 (col length:60)
BRAMs: 100 (col length: RAMB18 60 RAMB36 30)
---------------------------------------------------------------------------------
Finished Part Resource Summary
---------------------------------------------------------------------------------
No constraint files found.
---------------------------------------------------------------------------------
Start Cross Boundary and Area Optimization
---------------------------------------------------------------------------------
DSP Report: Generating DSP nxt6, operation Mode is: A*B.
DSP Report: operator nxt6 is absorbed into DSP nxt6.
DSP Report: operator nxt6 is absorbed into DSP nxt6.
DSP Report: Generating DSP nxt6, operation Mode is: A*B.
DSP Report: operator nxt6 is absorbed into DSP nxt6.
DSP Report: operator nxt6 is absorbed into DSP nxt6.
WARNING: [Synth 8-3917] design axi_full_slave has port s_axi_bresp[1] driven by constant 0
WARNING: [Synth 8-3917] design axi_full_slave has port s_axi_bresp[0] driven by constant 0
WARNING: [Synth 8-3917] design axi_full_slave has port s_axi_rresp[1] driven by constant 0
WARNING: [Synth 8-3917] design axi_full_slave has port s_axi_rresp[0] driven by constant 0
WARNING: [Synth 8-7129] Port s_axi_awlock in module axi_full_slave is either unconnected or has no load
WARNING: [Synth 8-7129] Port s_axi_awcache[3] in module axi_full_slave is either unconnected or has no load
WARNING: [Synth 8-7129] Port s_axi_awcache[2] in module axi_full_slave is either unconnected or has no load
WARNING: [Synth 8-7129] Port s_axi_awcache[1] in module axi_full_slave is either unconnected or has no load
WARNING: [Synth 8-7129] Port s_axi_awcache[0] in module axi_full_slave is either unconnected or has no load
WARNING: [Synth 8-7129] Port s_axi_awprot[2] in module axi_full_slave is either unconnected or has no load
WARNING: [Synth 8-7129] Port s_axi_awprot[1] in module axi_full_slave is either unconnected or has no load
WARNING: [Synth 8-7129] Port s_axi_awprot[0] in module axi_full_slave is either unconnected or has no load
WARNING: [Synth 8-7129] Port s_axi_arlock in module axi_full_slave is either unconnected or has no load
WARNING: [Synth 8-7129] Port s_axi_arcache[3] in module axi_full_slave is either unconnected or has no load
WARNING: [Synth 8-7129] Port s_axi_arcache[2] in module axi_full_slave is either unconnected or has no load
WARNING: [Synth 8-7129] Port s_axi_arcache[1] in module axi_full_slave is either unconnected or has no load
WARNING: [Synth 8-7129] Port s_axi_arcache[0] in module axi_full_slave is either unconnected or has no load
WARNING: [Synth 8-7129] Port s_axi_arprot[2] in module axi_full_slave is either unconnected or has no load
WARNING: [Synth 8-7129] Port s_axi_arprot[1] in module axi_full_slave is either unconnected or has no load
WARNING: [Synth 8-7129] Port s_axi_arprot[0] in module axi_full_slave is either unconnected or has no load
---------------------------------------------------------------------------------
Finished Cross Boundary and Area Optimization : Time (s): cpu = 00:00:07 ; elapsed = 00:00:08 . Memory (MB): peak = 1449.266 ; gain = 856.504
---------------------------------------------------------------------------------
 Sort Area is  nxt6_0 : 0 0 : 799 799 : Used 1 time 0
 Sort Area is  nxt6_2 : 0 0 : 799 799 : Used 1 time 0
---------------------------------------------------------------------------------
Start ROM, RAM, DSP, Shift Register and Retiming Reporting
---------------------------------------------------------------------------------

Block RAM: Preliminary Mapping Report (see note below)
+---------------+------------+------------------------+---+---+------------------------+---+---+------------------+--------+--------+
|Module Name    | RTL Object | PORT A (Depth x Width) | W | R | PORT B (Depth x Width) | W | R | Ports driving FF | RAMB18 | RAMB36 | 
+---------------+------------+------------------------+---+---+------------------------+---+---+------------------+--------+--------+
|axi_full_slave | mem_reg    | 1 K x 32(READ_FIRST)   | W |   | 1 K x 32(WRITE_FIRST)  |   | R | Port A and B     | 0      | 1      | 
+---------------+------------+------------------------+---+---+------------------------+---+---+------------------+--------+--------+

Note: The table above is a preliminary report that shows the Block RAMs at the current stage of the synthesis flow. Some Block RAMs may be reimplemented as non Block RAM primitives later in the synthesis flow. Multiple instantiated Block RAMs are reported only once. 

DSP: Preliminary Mapping Report (see note below. The ' indicates corresponding REG is set)
+---------------+-------------+--------+--------+--------+--------+--------+------+------+------+------+-------+------+------+
|Module Name    | DSP Mapping | A Size | B Size | C Size | D Size | P Size | AREG | BREG | CREG | DREG | ADREG | MREG | PREG | 
+---------------+-------------+--------+--------+--------+--------+--------+------+------+------+------+-------+------+------+
|axi_full_slave | A*B         | 10     | 9      | -      | -      | 48     | 0    | 0    | -    | -    | -     | 0    | 0    | 
|axi_full_slave | A*B         | 10     | 9      | -      | -      | 48     | 0    | 0    | -    | -    | -     | 0    | 0    | 
+---------------+-------------+--------+--------+--------+--------+--------+------+------+------+------+-------+------+------+

Note: The table above is a preliminary report that shows the DSPs inferred at the current stage of the synthesis flow. Some DSP may be reimplemented as non DSP primitives later in the synthesis flow. Multiple instantiated DSPs are reported only once.
---------------------------------------------------------------------------------
Finished ROM, RAM, DSP, Shift Register and Retiming Reporting
---------------------------------------------------------------------------------
No constraint files found.
---------------------------------------------------------------------------------
Start Timing Optimization
---------------------------------------------------------------------------------
---------------------------------------------------------------------------------
Finished Timing Optimization : Time (s): cpu = 00:00:07 ; elapsed = 00:00:08 . Memory (MB): peak = 1449.266 ; gain = 856.504
---------------------------------------------------------------------------------
---------------------------------------------------------------------------------
Start ROM, RAM, DSP, Shift Register and Retiming Reporting
---------------------------------------------------------------------------------

Block RAM: Final Mapping Report
+---------------+------------+------------------------+---+---+------------------------+---+---+------------------+--------+--------+
|Module Name    | RTL Object | PORT A (Depth x Width) | W | R | PORT B (Depth x Width) | W | R | Ports driving FF | RAMB18 | RAMB36 | 
+---------------+------------+------------------------+---+---+------------------------+---+---+------------------+--------+--------+
|axi_full_slave | mem_reg    | 1 K x 32(READ_FIRST)   | W |   | 1 K x 32(WRITE_FIRST)  |   | R | Port A and B     | 0      | 1      | 
+---------------+------------+------------------------+---+---+------------------------+---+---+------------------+--------+--------+

---------------------------------------------------------------------------------
Finished ROM, RAM, DSP, Shift Register and Retiming Reporting
---------------------------------------------------------------------------------
---------------------------------------------------------------------------------
Start Technology Mapping
---------------------------------------------------------------------------------
INFO: [Synth 8-7052] The timing for the instance mem_reg (implemented as a Block RAM) might be sub-optimal as no optional output register could be merged into the ram block. Providing additional output register may help in improving timing.
---------------------------------------------------------------------------------
Finished Technology Mapping : Time (s): cpu = 00:00:07 ; elapsed = 00:00:08 . Memory (MB): peak = 1449.266 ; gain = 856.504
---------------------------------------------------------------------------------
---------------------------------------------------------------------------------
Start IO Insertion
---------------------------------------------------------------------------------
---------------------------------------------------------------------------------
Start Flattening Before IO Insertion
---------------------------------------------------------------------------------
---------------------------------------------------------------------------------
Finished Flattening Before IO Insertion
---------------------------------------------------------------------------------
---------------------------------------------------------------------------------
Start Final Netlist Cleanup
---------------------------------------------------------------------------------
---------------------------------------------------------------------------------
Finished Final Netlist Cleanup
---------------------------------------------------------------------------------
---------------------------------------------------------------------------------
Finished IO Insertion : Time (s): cpu = 00:00:10 ; elapsed = 00:00:10 . Memory (MB): peak = 1677.758 ; gain = 1084.996
---------------------------------------------------------------------------------
---------------------------------------------------------------------------------
Start Renaming Generated Instances
---------------------------------------------------------------------------------
---------------------------------------------------------------------------------
Finished Renaming Generated Instances : Time (s): cpu = 00:00:10 ; elapsed = 00:00:10 . Memory (MB): peak = 1677.758 ; gain = 1084.996
---------------------------------------------------------------------------------
---------------------------------------------------------------------------------
Start Rebuilding User Hierarchy
---------------------------------------------------------------------------------
---------------------------------------------------------------------------------
Finished Rebuilding User Hierarchy : Time (s): cpu = 00:00:10 ; elapsed = 00:00:10 . Memory (MB): peak = 1677.758 ; gain = 1084.996
---------------------------------------------------------------------------------
---------------------------------------------------------------------------------
Start Renaming Generated Ports
---------------------------------------------------------------------------------
---------------------------------------------------------------------------------
Finished Renaming Generated Ports : Time (s): cpu = 00:00:10 ; elapsed = 00:00:10 . Memory (MB): peak = 1677.758 ; gain = 1084.996
---------------------------------------------------------------------------------
---------------------------------------------------------------------------------
Start Handling Custom Attributes
---------------------------------------------------------------------------------
---------------------------------------------------------------------------------
Finished Handling Custom Attributes : Time (s): cpu = 00:00:10 ; elapsed = 00:00:10 . Memory (MB): peak = 1678.793 ; gain = 1086.031
---------------------------------------------------------------------------------
---------------------------------------------------------------------------------
Start Renaming Generated Nets
---------------------------------------------------------------------------------
---------------------------------------------------------------------------------
Finished Renaming Generated Nets : Time (s): cpu = 00:00:10 ; elapsed = 00:00:10 . Memory (MB): peak = 1678.793 ; gain = 1086.031
---------------------------------------------------------------------------------
---------------------------------------------------------------------------------
Start Writing Synthesis Report
---------------------------------------------------------------------------------

DSP Final Report (the ' indicates corresponding REG is set)
+---------------+-------------+--------+--------+--------+--------+--------+------+------+------+------+-------+------+------+
|Module Name    | DSP Mapping | A Size | B Size | C Size | D Size | P Size | AREG | BREG | CREG | DREG | ADREG | MREG | PREG | 
+---------------+-------------+--------+--------+--------+--------+--------+------+------+------+------+-------+------+------+
|axi_full_slave | A*B         | 9      | 8      | -      | -      | 48     | 0    | 0    | -    | -    | -     | 0    | 0    | 
|axi_full_slave | A*B         | 9      | 8      | -      | -      | 48     | 0    | 0    | -    | -    | -     | 0    | 0    | 
+---------------+-------------+--------+--------+--------+--------+--------+------+------+------+------+-------+------+------+


Report BlackBoxes: 
+-+--------------+----------+
| |BlackBox name |Instances |
+-+--------------+----------+
+-+--------------+----------+

Report Cell Usage: 
+------+---------+------+
|      |Cell     |Count |
+------+---------+------+
|1     |CARRY4   |    38|
|2     |DSP48E1  |     2|
|3     |LUT1     |    25|
|4     |LUT2     |    37|
|5     |LUT3     |    49|
|6     |LUT4     |    72|
|7     |LUT5     |    11|
|8     |LUT6     |    35|
|9     |RAMB36E1 |     1|
|10    |FDCE     |    68|
|11    |FDPE     |     4|
+------+---------+------+

Report Instance Areas: 
+------+---------+-------+------+
|      |Instance |Module |Cells |
+------+---------+-------+------+
|1     |top      |       |   342|
+------+---------+-------+------+
---------------------------------------------------------------------------------
Finished Writing Synthesis Report : Time (s): cpu = 00:00:10 ; elapsed = 00:00:10 . Memory (MB): peak = 1678.793 ; gain = 1086.031
---------------------------------------------------------------------------------
Synthesis finished with 0 errors, 0 critical warnings and 40 warnings.
Synthesis Optimization Runtime : Time (s): cpu = 00:00:10 ; elapsed = 00:00:10 . Memory (MB): peak = 1678.793 ; gain = 1086.031
Synthesis Optimization Complete : Time (s): cpu = 00:00:10 ; elapsed = 00:00:10 . Memory (MB): peak = 1678.793 ; gain = 1086.031
INFO: [Project 1-571] Translating synthesized netlist
Netlist sorting complete. Time (s): cpu = 00:00:00 ; elapsed = 00:00:00.002 . Memory (MB): peak = 1692.809 ; gain = 0.000
INFO: [Netlist 29-17] Analyzing 41 Unisim elements for replacement
INFO: [Netlist 29-28] Unisim Transformation completed in 0 CPU seconds
INFO: [Project 1-570] Preparing netlist for logic optimization
INFO: [Opt 31-138] Pushed 0 inverter(s) to 0 load pin(s).
Netlist sorting complete. Time (s): cpu = 00:00:00 ; elapsed = 00:00:00 . Memory (MB): peak = 1795.852 ; gain = 0.000
INFO: [Project 1-111] Unisim Transformation Summary:
No Unisim elements were transformed.

Synth Design complete | Checksum: d0361f87
INFO: [Common 17-83] Releasing license: Synthesis
19 Infos, 40 Warnings, 0 Critical Warnings and 0 Errors encountered.
synth_design completed successfully
synth_design: Time (s): cpu = 00:00:11 ; elapsed = 00:00:13 . Memory (MB): peak = 1795.852 ; gain = 1208.035
# report_utilization    -file ${top}_utilization.rpt
# report_timing_summary -file ${top}_timing.rpt
INFO: [Timing 38-35] Done setting XDC timing constraints.
INFO: [Timing 38-91] UpdateTimingParams: Speed grade: -1L, Delay Type: min_max.
INFO: [Timing 38-191] Multithreading enabled for timing update using a maximum of 2 CPUs
WARNING: [Timing 38-493] Port clk has one or several leaf clock pins in its transitive fanout without any clock buffer on the path and no clock reaching the clock pin(s). Vivado cannot infer the clock source when no clock buffer is found on the path to a leaf clock pin.
WARNING: [Timing 38-242] The property HD.CLK_SRC of clock port "clk" is not set. In out-of-context mode, this prevents timing estimation for clock delay/skew
Resolution: Set the HD.CLK_SRC property of the out-of-context port to the location of the clock buffer instance in the top-level design
# puts "SYNTH_OK $top"
SYNTH_OK axi_full_slave
# exit 0
INFO: [Common 17-206] Exiting Vivado at Tue Jul  7 23:17:46 2026...
