#-----------------------------------------------------------
# xsim v2025.2 (64-bit)
# SW Build 6299465 on Fri Nov 14 19:35:11 GMT 2025
# IP Build 6300035 on Fri Nov 14 10:48:45 MST 2025
# SharedData Build 6298862 on Thu Nov 13 04:50:51 MST 2025
# Start of session at: Tue Jul  7 23:17:35 2026
# Process ID         : 31956
# Current directory  : D:/design_plans/pnp_ip/build/async_fifo
# Command line       : xsim.exe -mode tcl -source {xsim.dir/tb_async_fifo_snap/xsim_script.tcl}
# Log file           : D:/design_plans/pnp_ip/build/async_fifo/xsim.log
# Journal file       : D:/design_plans/pnp_ip/build/async_fifo\xsim.jou
# Running On         : DESKTOP-TPQLB9E
# Platform           : Windows Server 2016 or Windows 10
# Operating System   : 26200
# Processor Detail   : AMD Ryzen 9 9900X 12-Core Processor            
# CPU Frequency      : 4392 MHz
# CPU Physical cores : 12
# CPU Logical cores  : 24
# Host memory        : 66125 MB
# Swap memory        : 13958 MB
# Total Virtual      : 80084 MB
# Available Virtual  : 54846 MB
#-----------------------------------------------------------
source xsim.dir/tb_async_fifo_snap/xsim_script.tcl
# xsim {tb_async_fifo_snap} -wdb {tb_async_fifo.wdb} -autoloadwcfg -tclbatch {D:/design_plans/pnp_ip/scripts/xsim_run.tcl}
Time resolution is 1 ps
source D:/design_plans/pnp_ip/scripts/xsim_run.tcl
## log_wave -recursive *
## run all
burst fill: full=1 after 16 pushes
pushed=500 popped=500 errors=0
TB PASS
$finish called at time : 9289500 ps : File "D:/design_plans/pnp_ip/async_fifo/tb_async_fifo.sv" Line 143
## quit
INFO: [Common 17-206] Exiting xsim at Tue Jul  7 23:17:37 2026...
